turbostat version 17.06.23 - Len Brown <lenb@kernel.org>
CPUID(0): GenuineIntel 22 CPUID levels; family:model:stepping 0x6:8e:a (6:142:10)
CPUID(1): SSE3 MONITOR - EIST TM2 TSC MSR ACPI-TM TM
CPUID(6): APERF, TURBO, DTS, PTM, HWP, HWPnotify, HWPwindow, HWPepp, No-HWPpkg, EPB
cpu7: MSR_IA32_MISC_ENABLE: 0x00850089 (TCC EIST No-MWAIT PREFETCH TURBO)
CPUID(7): SGX
cpu7: MSR_IA32_FEATURE_CONTROL: 0x00040005 (Locked SGX)
CPUID(0x15): eax_crystal: 2 ebx_tsc: 166 ecx_crystal_hz: 0
TSC: 1992 MHz (24000000 Hz * 166 / 2 / 1000000)
CPUID(0x16): base_mhz: 2000 max_mhz: 4000 bus_mhz: 100
cpu7: MSR_MISC_PWR_MGMT: 0x00401cc0 (ENable-EIST_Coordination DISable-EPB DISable-OOB)
RAPL: 17476 sec. Joule Counter Range, at 15 Watts
cpu7: MSR_PLATFORM_INFO: 0x4043df1011400
4 * 100.0 = 400.0 MHz max efficiency frequency
20 * 100.0 = 2000.0 MHz base frequency
cpu7: MSR_IA32_POWER_CTL: 0x0024005f (C1E auto-promotion: ENabled)
cpu7: MSR_TURBO_RATIO_LIMIT: 0x25252828
37 * 100.0 = 3700.0 MHz max turbo 4 active cores
37 * 100.0 = 3700.0 MHz max turbo 3 active cores
40 * 100.0 = 4000.0 MHz max turbo 2 active cores
40 * 100.0 = 4000.0 MHz max turbo 1 active cores
cpu7: MSR_CONFIG_TDP_NOMINAL: 0x00000012 (base_ratio=18)
cpu7: MSR_CONFIG_TDP_LEVEL_1: 0x00080050 (PKG_MIN_PWR_LVL1=0 PKG_MAX_PWR_LVL1=0 LVL1_RATIO=8 PKG_TDP_LVL1=80)
cpu7: MSR_CONFIG_TDP_LEVEL_2: 0x001400c8 (PKG_MIN_PWR_LVL2=0 PKG_MAX_PWR_LVL2=0 LVL2_RATIO=20 PKG_TDP_LVL2=200)
cpu7: MSR_CONFIG_TDP_CONTROL: 0x00000000 ( lock=0)
cpu7: MSR_TURBO_ACTIVATION_RATIO: 0x00000011 (MAX_NON_TURBO_RATIO=17 lock=0)
cpu7: MSR_PKG_CST_CONFIG_CONTROL: 0x1e008005 (UNdemote-C3, UNdemote-C1, demote-C3, demote-C1, locked: pkg-cstate-limit=5: pc7s)
cpu7: POLL: CPUIDLE CORE POLL IDLE
cpu7: C1: MWAIT 0x00
cpu7: C1E: MWAIT 0x01
cpu7: C3: MWAIT 0x10
cpu7: C6: MWAIT 0x20
cpu7: C7s: MWAIT 0x33
cpu7: C8: MWAIT 0x40
cpu7: C9: MWAIT 0x50
cpu7: C10: MWAIT 0x60
cpu7: cpufreq driver: intel_pstate
cpu7: cpufreq governor: powersave
cpufreq intel_pstate no_turbo: 0
cpu7: MSR_MISC_FEATURE_CONTROL: 0x00000000 (L2-Prefetch L2-Prefetch-pair L1-Prefetch L1-IP-Prefetch)
cpu0: MSR_PM_ENABLE: 0x00000001 (HWP)
cpu0: MSR_HWP_CAPABILITIES: 0x01081228 (high 40 guar 18 eff 8 low 1)
cpu0: MSR_HWP_REQUEST: 0x80002804 (min 4 max 40 des 0 epp 0x80 window 0x0 pkg 0x0)
cpu0: MSR_HWP_INTERRUPT: 0x00000000 (Dis_Guaranteed_Perf_Change, Dis_Excursion_Min)
cpu0: MSR_HWP_STATUS: 0x00000000 (No-Guaranteed_Perf_Change, No-Excursion_Min)
cpu0: MSR_IA32_ENERGY_PERF_BIAS: 0x00000006 (balanced)
cpu0: MSR_RAPL_POWER_UNIT: 0x000a0e03 (0.125000 Watts, 0.000061 Joules, 0.000977 sec.)
cpu0: MSR_PKG_POWER_INFO: 0x00000078 (15 W TDP, RAPL 0 - 0 W, 0.000000 sec.)
cpu0: MSR_PKG_POWER_LIMIT: 0x82016000dc80a0 (UNlocked)
cpu0: PKG Limit #1: ENabled (20.000000 Watts, 28.000000 sec, clamp DISabled)
cpu0: PKG Limit #2: DISabled (44.000000 Watts, 0.002930* sec, clamp DISabled)
cpu0: MSR_DRAM_POWER_LIMIT: 0x5400de00000000 (UNlocked)
cpu0: DRAM Limit: DISabled (0.000000 Watts, 0.000977 sec, clamp DISabled)
cpu0: MSR_PP0_POLICY: 0
cpu0: MSR_PP0_POWER_LIMIT: 0x00000000 (UNlocked)
cpu0: Cores Limit: DISabled (0.000000 Watts, 0.000977 sec, clamp DISabled)
cpu0: MSR_PP1_POLICY: 0
cpu0: MSR_PP1_POWER_LIMIT: 0x00000000 (UNlocked)
cpu0: GFX Limit: DISabled (0.000000 Watts, 0.000977 sec, clamp DISabled)
cpu0: MSR_IA32_TEMPERATURE_TARGET: 0x02640000 (100 C)
cpu0: MSR_IA32_PACKAGE_THERM_STATUS: 0x882f080a (53 C)
cpu0: MSR_IA32_PACKAGE_THERM_INTERRUPT: 0x00000003 (100 C, 100 C)
cpu7: MSR_PKGC3_IRTL: 0x0000884e (valid, 79872 ns)
cpu7: MSR_PKGC6_IRTL: 0x00008876 (valid, 120832 ns)
cpu7: MSR_PKGC7_IRTL: 0x00008894 (valid, 151552 ns)
cpu7: MSR_PKGC8_IRTL: 0x000088fa (valid, 256000 ns)
cpu7: MSR_PKGC9_IRTL: 0x0000894c (valid, 339968 ns)
cpu7: MSR_PKGC10_IRTL: 0x00008bf2 (valid, 1034240 ns)

GPU TIME: 4.446e-06 seconds
CPU TIME(0.000000) Time = 11.291418 Sec
Success!
Done.
11.370485 sec
Core	CPU	Avg_MHz	Busy%	Bzy_MHz	TSC_MHz	IRQ	SMI	C1	C1E	C3	C6	C7s	C8	C9	C10	C1%	C1E%	C3%	C6%	C7s%	C8%	C9%	C10%	CPU%c1	CPU%c3	CPU%c6	CPU%c7	CoreTmp	PkgTmp	GFX%rc6	GFXMHz	Totl%C0	Any%C0	GFX%C0	CPUGFX%	Pkg%pc2	Pkg%pc3	Pkg%pc6	Pkg%pc7	Pkg%pc8	Pkg%pc9	Pk%pc10	Pkg_J	Cor_J	GFX_J	RAM_J	PKG_%	RAM_%
-	-	1745	52.50	3324	1992	39425	0	1984	813	792	6233	1	14201	0	1325	0.48	0.19	0.20	4.84	0.00	34.34	0.00	7.19	47.22	0.00	0.10	0.19	96	96	91.58	300	396.06	99.32	7.67	7.60	0.00	0.00	0.00	0.00	0.00	0.00	0.00	329.02	313.74	1.77	6.59	0.00	0.00
0	0	3297	99.03	3329	1992	5360	0	0	0	1	4	0	18	0	0	0.00	0.00	0.00	0.02	0.00	0.42	0.00	0.00	0.62	0.00	0.08	0.26	95	96	91.58	300	396.04	99.32	7.67	7.60	0.00	0.00	0.00	0.00	0.00	0.00	0.00	329.02	313.74	1.77	6.59	0.00	0.00
0	4	203	6.37	3190	1992	6281	0	444	180	217	1742	0	4576	0	158	0.54	0.28	0.49	11.74	0.00	77.24	0.00	3.31	93.28
1	1	3303	99.31	3326	1992	3936	0	0	2	4	7	0	12	0	2	0.00	0.00	0.01	0.06	0.00	0.09	0.00	0.00	0.57	0.00	0.08	0.04	91
1	5	123	3.76	3279	1992	6839	0	347	321	313	2454	0	3941	0	240	0.58	0.62	0.59	14.12	0.00	70.48	0.00	9.86	96.12
2	2	3297	99.06	3328	1992	4881	0	1	2	2	11	0	19	0	0	0.00	0.00	0.00	0.11	0.00	0.30	0.00	0.00	0.55	0.00	0.12	0.27	87
2	6	243	7.40	3288	1992	3334	0	475	163	121	945	0	2727	0	474	1.35	0.48	0.24	6.04	0.00	61.89	0.00	22.57	92.21
3	3	3300	99.15	3328	1992	5129	0	0	0	2	15	0	15	0	1	0.00	0.00	0.01	0.12	0.00	0.19	0.00	0.00	0.55	0.01	0.12	0.17	96
3	7	195	5.87	3315	1992	3665	0	717	145	132	1055	1	2893	0	450	1.35	0.14	0.27	6.49	0.00	64.11	0.00	21.75	93.83
