turbostat version 17.06.23 - Len Brown <lenb@kernel.org>
CPUID(0): GenuineIntel 22 CPUID levels; family:model:stepping 0x6:8e:a (6:142:10)
CPUID(1): SSE3 MONITOR - EIST TM2 TSC MSR ACPI-TM TM
CPUID(6): APERF, TURBO, DTS, PTM, HWP, HWPnotify, HWPwindow, HWPepp, No-HWPpkg, EPB
cpu4: MSR_IA32_MISC_ENABLE: 0x00850089 (TCC EIST No-MWAIT PREFETCH TURBO)
CPUID(7): SGX
cpu4: MSR_IA32_FEATURE_CONTROL: 0x00040005 (Locked SGX)
CPUID(0x15): eax_crystal: 2 ebx_tsc: 166 ecx_crystal_hz: 0
TSC: 1992 MHz (24000000 Hz * 166 / 2 / 1000000)
CPUID(0x16): base_mhz: 2000 max_mhz: 4000 bus_mhz: 100
cpu4: MSR_MISC_PWR_MGMT: 0x00401cc0 (ENable-EIST_Coordination DISable-EPB DISable-OOB)
RAPL: 17476 sec. Joule Counter Range, at 15 Watts
cpu4: MSR_PLATFORM_INFO: 0x4043df1011400
4 * 100.0 = 400.0 MHz max efficiency frequency
20 * 100.0 = 2000.0 MHz base frequency
cpu4: MSR_IA32_POWER_CTL: 0x0024005f (C1E auto-promotion: ENabled)
cpu4: MSR_TURBO_RATIO_LIMIT: 0x25252828
37 * 100.0 = 3700.0 MHz max turbo 4 active cores
37 * 100.0 = 3700.0 MHz max turbo 3 active cores
40 * 100.0 = 4000.0 MHz max turbo 2 active cores
40 * 100.0 = 4000.0 MHz max turbo 1 active cores
cpu4: MSR_CONFIG_TDP_NOMINAL: 0x00000012 (base_ratio=18)
cpu4: MSR_CONFIG_TDP_LEVEL_1: 0x00080050 (PKG_MIN_PWR_LVL1=0 PKG_MAX_PWR_LVL1=0 LVL1_RATIO=8 PKG_TDP_LVL1=80)
cpu4: MSR_CONFIG_TDP_LEVEL_2: 0x001400c8 (PKG_MIN_PWR_LVL2=0 PKG_MAX_PWR_LVL2=0 LVL2_RATIO=20 PKG_TDP_LVL2=200)
cpu4: MSR_CONFIG_TDP_CONTROL: 0x00000000 ( lock=0)
cpu4: MSR_TURBO_ACTIVATION_RATIO: 0x00000011 (MAX_NON_TURBO_RATIO=17 lock=0)
cpu4: MSR_PKG_CST_CONFIG_CONTROL: 0x1e008005 (UNdemote-C3, UNdemote-C1, demote-C3, demote-C1, locked: pkg-cstate-limit=5: pc7s)
cpu4: POLL: CPUIDLE CORE POLL IDLE
cpu4: C1: MWAIT 0x00
cpu4: C1E: MWAIT 0x01
cpu4: C3: MWAIT 0x10
cpu4: C6: MWAIT 0x20
cpu4: C7s: MWAIT 0x33
cpu4: C8: MWAIT 0x40
cpu4: C9: MWAIT 0x50
cpu4: C10: MWAIT 0x60
cpu4: cpufreq driver: intel_pstate
cpu4: cpufreq governor: powersave
cpufreq intel_pstate no_turbo: 0
cpu4: MSR_MISC_FEATURE_CONTROL: 0x00000000 (L2-Prefetch L2-Prefetch-pair L1-Prefetch L1-IP-Prefetch)
cpu0: MSR_PM_ENABLE: 0x00000001 (HWP)
cpu0: MSR_HWP_CAPABILITIES: 0x01081228 (high 40 guar 18 eff 8 low 1)
cpu0: MSR_HWP_REQUEST: 0x80002804 (min 4 max 40 des 0 epp 0x80 window 0x0 pkg 0x0)
cpu0: MSR_HWP_INTERRUPT: 0x00000000 (Dis_Guaranteed_Perf_Change, Dis_Excursion_Min)
cpu0: MSR_HWP_STATUS: 0x00000000 (No-Guaranteed_Perf_Change, No-Excursion_Min)
cpu0: MSR_IA32_ENERGY_PERF_BIAS: 0x00000006 (balanced)
cpu0: MSR_RAPL_POWER_UNIT: 0x000a0e03 (0.125000 Watts, 0.000061 Joules, 0.000977 sec.)
cpu0: MSR_PKG_POWER_INFO: 0x00000078 (15 W TDP, RAPL 0 - 0 W, 0.000000 sec.)
cpu0: MSR_PKG_POWER_LIMIT: 0x83816000dd809d (UNlocked)
cpu0: PKG Limit #1: ENabled (19.625000 Watts, 28.000000 sec, clamp ENabled)
cpu0: PKG Limit #2: ENabled (44.000000 Watts, 0.002930* sec, clamp ENabled)
cpu0: MSR_DRAM_POWER_LIMIT: 0x5400de00000000 (UNlocked)
cpu0: DRAM Limit: DISabled (0.000000 Watts, 0.000977 sec, clamp DISabled)
cpu0: MSR_PP0_POLICY: 0
cpu0: MSR_PP0_POWER_LIMIT: 0x00000000 (UNlocked)
cpu0: Cores Limit: DISabled (0.000000 Watts, 0.000977 sec, clamp DISabled)
cpu0: MSR_PP1_POLICY: 0
cpu0: MSR_PP1_POWER_LIMIT: 0x00000000 (UNlocked)
cpu0: GFX Limit: DISabled (0.000000 Watts, 0.000977 sec, clamp DISabled)
cpu0: MSR_IA32_TEMPERATURE_TARGET: 0x02640000 (100 C)
cpu0: MSR_IA32_PACKAGE_THERM_STATUS: 0x8822080a (66 C)
cpu0: MSR_IA32_PACKAGE_THERM_INTERRUPT: 0x00000003 (100 C, 100 C)
cpu4: MSR_PKGC3_IRTL: 0x0000884e (valid, 79872 ns)
cpu4: MSR_PKGC6_IRTL: 0x00008876 (valid, 120832 ns)
cpu4: MSR_PKGC7_IRTL: 0x00008894 (valid, 151552 ns)
cpu4: MSR_PKGC8_IRTL: 0x000088fa (valid, 256000 ns)
cpu4: MSR_PKGC9_IRTL: 0x0000894c (valid, 339968 ns)
cpu4: MSR_PKGC10_IRTL: 0x00008bf2 (valid, 1034240 ns)

GPU TIME: 1.21958 seconds
CPU TIME(0.100000) Time = 11.867006 Sec
Success!
Done.
11.955362 sec
Core	CPU	Avg_MHz	Busy%	Bzy_MHz	TSC_MHz	IRQ	SMI	C1	C1E	C3	C6	C7s	C8	C9	C10	C1%	C1E%	C3%	C6%	C7s%	C8%	C9%	C10%	CPU%c1	CPU%c3	CPU%c6	CPU%c7	CoreTmp	PkgTmp	GFX%rc6	GFXMHz	Totl%C0	Any%C0	GFX%C0	CPUGFX%	Pkg%pc2	Pkg%pc3	Pkg%pc6	Pkg%pc7	Pkg%pc8	Pkg%pc9	Pk%pc10	Pkg_J	Cor_J	GFX_J	RAM_J	PKG_%	RAM_%
-	-	1506	51.91	2899	1993	38706	0	2081	1436	1207	7044	135	13969	0	1431	0.45	0.72	0.42	5.23	0.34	32.37	0.00	8.27	46.33	0.23	0.71	0.81	83	83	77.58	300	386.86	99.27	21.59	21.34	0.00	0.00	0.00	0.00	0.00	0.00	0.00	258.29	230.61	13.00	7.41	0.00	0.00
0	0	2563	89.18	2871	1994	4609	0	130	278	58	162	104	79	0	0	0.12	2.85	1.00	2.83	2.16	1.43	0.00	0.00	3.95	0.94	2.78	3.16	83	83	77.58	300	386.67	99.22	21.58	21.33	0.00	0.00	0.00	0.00	0.00	0.00	0.00	258.29	230.61	13.00	7.41	0.00	0.00
0	4	220	7.85	2803	1994	6005	0	696	281	268	1787	4	4144	0	275	0.85	0.40	0.49	10.96	0.03	71.70	0.00	7.80	85.27
1	1	2891	99.20	2911	1994	4560	0	58	1	0	13	0	5	0	0	0.05	0.00	0.00	0.04	0.00	0.08	0.00	0.00	0.70	0.00	0.06	0.03	80
1	5	169	5.94	2849	1994	6549	0	447	389	401	2371	16	3598	0	329	0.87	1.09	0.85	12.97	0.32	62.38	0.00	15.64	93.96
2	2	2886	99.10	2912	1993	4557	0	42	3	8	9	0	12	0	0	0.08	0.04	0.00	0.03	0.00	0.11	0.00	0.00	0.86	0.00	0.00	0.03	78
2	6	257	8.86	2896	1993	3531	0	333	211	226	1127	10	2879	0	421	0.98	0.70	0.41	6.35	0.18	62.31	0.00	20.20	91.10
3	3	2893	99.35	2911	1992	4824	0	0	0	0	3	0	1	0	1	0.00	0.00	0.00	0.01	0.00	0.00	0.00	0.00	0.64	0.00	0.01	0.00	82
3	7	167	5.82	2861	1992	4071	0	375	273	246	1572	1	3251	0	405	0.68	0.71	0.58	8.68	0.07	60.95	0.00	22.49	94.17
