turbostat version 17.06.23 - Len Brown <lenb@kernel.org>
CPUID(0): GenuineIntel 22 CPUID levels; family:model:stepping 0x6:8e:a (6:142:10)
CPUID(1): SSE3 MONITOR - EIST TM2 TSC MSR ACPI-TM TM
CPUID(6): APERF, TURBO, DTS, PTM, HWP, HWPnotify, HWPwindow, HWPepp, No-HWPpkg, EPB
cpu1: MSR_IA32_MISC_ENABLE: 0x00850089 (TCC EIST No-MWAIT PREFETCH TURBO)
CPUID(7): SGX
cpu1: MSR_IA32_FEATURE_CONTROL: 0x00040005 (Locked SGX)
CPUID(0x15): eax_crystal: 2 ebx_tsc: 166 ecx_crystal_hz: 0
TSC: 1992 MHz (24000000 Hz * 166 / 2 / 1000000)
CPUID(0x16): base_mhz: 2000 max_mhz: 4000 bus_mhz: 100
cpu1: MSR_MISC_PWR_MGMT: 0x00401cc0 (ENable-EIST_Coordination DISable-EPB DISable-OOB)
RAPL: 17476 sec. Joule Counter Range, at 15 Watts
cpu1: MSR_PLATFORM_INFO: 0x4043df1011400
4 * 100.0 = 400.0 MHz max efficiency frequency
20 * 100.0 = 2000.0 MHz base frequency
cpu1: MSR_IA32_POWER_CTL: 0x0024005f (C1E auto-promotion: ENabled)
cpu1: MSR_TURBO_RATIO_LIMIT: 0x25252828
37 * 100.0 = 3700.0 MHz max turbo 4 active cores
37 * 100.0 = 3700.0 MHz max turbo 3 active cores
40 * 100.0 = 4000.0 MHz max turbo 2 active cores
40 * 100.0 = 4000.0 MHz max turbo 1 active cores
cpu1: MSR_CONFIG_TDP_NOMINAL: 0x00000012 (base_ratio=18)
cpu1: MSR_CONFIG_TDP_LEVEL_1: 0x00080050 (PKG_MIN_PWR_LVL1=0 PKG_MAX_PWR_LVL1=0 LVL1_RATIO=8 PKG_TDP_LVL1=80)
cpu1: MSR_CONFIG_TDP_LEVEL_2: 0x001400c8 (PKG_MIN_PWR_LVL2=0 PKG_MAX_PWR_LVL2=0 LVL2_RATIO=20 PKG_TDP_LVL2=200)
cpu1: MSR_CONFIG_TDP_CONTROL: 0x00000000 ( lock=0)
cpu1: MSR_TURBO_ACTIVATION_RATIO: 0x00000011 (MAX_NON_TURBO_RATIO=17 lock=0)
cpu1: MSR_PKG_CST_CONFIG_CONTROL: 0x1e008005 (UNdemote-C3, UNdemote-C1, demote-C3, demote-C1, locked: pkg-cstate-limit=5: pc7s)
cpu1: POLL: CPUIDLE CORE POLL IDLE
cpu1: C1: MWAIT 0x00
cpu1: C1E: MWAIT 0x01
cpu1: C3: MWAIT 0x10
cpu1: C6: MWAIT 0x20
cpu1: C7s: MWAIT 0x33
cpu1: C8: MWAIT 0x40
cpu1: C9: MWAIT 0x50
cpu1: C10: MWAIT 0x60
cpu1: cpufreq driver: intel_pstate
cpu1: cpufreq governor: powersave
cpufreq intel_pstate no_turbo: 0
cpu1: MSR_MISC_FEATURE_CONTROL: 0x00000000 (L2-Prefetch L2-Prefetch-pair L1-Prefetch L1-IP-Prefetch)
cpu0: MSR_PM_ENABLE: 0x00000001 (HWP)
cpu0: MSR_HWP_CAPABILITIES: 0x01081228 (high 40 guar 18 eff 8 low 1)
cpu0: MSR_HWP_REQUEST: 0x80002804 (min 4 max 40 des 0 epp 0x80 window 0x0 pkg 0x0)
cpu0: MSR_HWP_INTERRUPT: 0x00000000 (Dis_Guaranteed_Perf_Change, Dis_Excursion_Min)
cpu0: MSR_HWP_STATUS: 0x00000000 (No-Guaranteed_Perf_Change, No-Excursion_Min)
cpu0: MSR_IA32_ENERGY_PERF_BIAS: 0x00000006 (balanced)
cpu0: MSR_RAPL_POWER_UNIT: 0x000a0e03 (0.125000 Watts, 0.000061 Joules, 0.000977 sec.)
cpu0: MSR_PKG_POWER_INFO: 0x00000078 (15 W TDP, RAPL 0 - 0 W, 0.000000 sec.)
cpu0: MSR_PKG_POWER_LIMIT: 0x82016000dc80a0 (UNlocked)
cpu0: PKG Limit #1: ENabled (20.000000 Watts, 28.000000 sec, clamp DISabled)
cpu0: PKG Limit #2: DISabled (44.000000 Watts, 0.002930* sec, clamp DISabled)
cpu0: MSR_DRAM_POWER_LIMIT: 0x5400de00000000 (UNlocked)
cpu0: DRAM Limit: DISabled (0.000000 Watts, 0.000977 sec, clamp DISabled)
cpu0: MSR_PP0_POLICY: 0
cpu0: MSR_PP0_POWER_LIMIT: 0x00000000 (UNlocked)
cpu0: Cores Limit: DISabled (0.000000 Watts, 0.000977 sec, clamp DISabled)
cpu0: MSR_PP1_POLICY: 0
cpu0: MSR_PP1_POWER_LIMIT: 0x00000000 (UNlocked)
cpu0: GFX Limit: DISabled (0.000000 Watts, 0.000977 sec, clamp DISabled)
cpu0: MSR_IA32_TEMPERATURE_TARGET: 0x02640000 (100 C)
cpu0: MSR_IA32_PACKAGE_THERM_STATUS: 0x8825080a (63 C)
cpu0: MSR_IA32_PACKAGE_THERM_INTERRUPT: 0x00000003 (100 C, 100 C)
cpu1: MSR_PKGC3_IRTL: 0x0000884e (valid, 79872 ns)
cpu1: MSR_PKGC6_IRTL: 0x00008876 (valid, 120832 ns)
cpu1: MSR_PKGC7_IRTL: 0x00008894 (valid, 151552 ns)
cpu1: MSR_PKGC8_IRTL: 0x000088fa (valid, 256000 ns)
cpu1: MSR_PKGC9_IRTL: 0x0000894c (valid, 339968 ns)
cpu1: MSR_PKGC10_IRTL: 0x00008bf2 (valid, 1034240 ns)

GPU TIME: 4.399 seconds
CPU TIME(1.000000) Time = 4.760919 Sec
Success!
Done.
4.877875 sec
Core	CPU	Avg_MHz	Busy%	Bzy_MHz	TSC_MHz	IRQ	SMI	C1	C1E	C3	C6	C7s	C8	C9	C10	C1%	C1E%	C3%	C6%	C7s%	C8%	C9%	C10%	CPU%c1	CPU%c3	CPU%c6	CPU%c7	CoreTmp	PkgTmp	GFX%rc6	GFXMHz	Totl%C0	Any%C0	GFX%C0	CPUGFX%	Pkg%pc2	Pkg%pc3	Pkg%pc6	Pkg%pc7	Pkg%pc8	Pkg%pc9	Pk%pc10	Pkg_J	Cor_J	GFX_J	RAM_J	PKG_%	RAM_%
-	-	1029	39.31	2613	1996	36233	0	26366	560	291	1406	373	3100	5	1114	0.25	1.74	1.00	4.63	4.19	21.40	0.04	27.13	41.37	1.77	5.82	11.73	74	74	6.38	1100	303.93	98.88	93.28	92.51	0.00	0.00	0.00	0.00	0.00	0.00	0.00	107.32	65.49	32.80	8.53	0.00	0.00
0	0	2551	97.50	2610	1997	23663	0	4654	1	1	10	0	29	0	2	0.12	0.00	0.01	0.10	0.00	0.95	0.00	0.22	1.31	0.01	0.12	1.06	74	74	6.38	1100	303.71	98.81	93.21	92.45	0.00	0.00	0.00	0.00	0.00	0.00	0.00	107.32	65.49	32.80	8.53	0.00	0.00
0	4	91	3.29	2755	1997	896	0	18	37	23	213	0	583	0	309	0.12	0.06	0.08	3.06	0.00	33.96	0.00	59.63	95.52
1	1	266	9.13	2903	1997	1537	0	1127	379	116	314	373	169	5	13	0.34	13.17	7.24	21.95	33.50	13.51	0.32	1.03	16.48	7.06	22.83	44.50	72
1	5	79	3.10	2533	1997	1111	0	20	68	72	462	0	976	0	226	0.06	0.13	0.34	6.36	0.00	49.42	0.00	40.85	22.50
2	2	2542	97.16	2609	1997	2694	0	4974	0	0	5	0	22	0	2	0.44	0.00	0.00	0.05	0.00	1.22	0.00	0.07	1.71	0.00	0.15	0.97	73
2	6	78	3.16	2461	1997	1060	0	169	48	44	185	0	644	0	290	0.37	0.39	0.18	2.68	0.00	34.84	0.00	58.57	95.72
3	3	2550	97.90	2604	1993	4473	0	15358	1	2	16	0	9	0	9	0.35	0.01	0.04	0.18	0.00	0.11	0.00	0.33	1.58	0.01	0.14	0.37	74
3	7	78	3.31	2359	1992	799	0	46	26	33	201	0	668	0	263	0.19	0.16	0.14	2.66	0.00	37.17	0.00	56.33	96.17
