turbostat version 17.06.23 - Len Brown <lenb@kernel.org>
CPUID(0): GenuineIntel 22 CPUID levels; family:model:stepping 0x6:8e:a (6:142:10)
CPUID(1): SSE3 MONITOR - EIST TM2 TSC MSR ACPI-TM TM
CPUID(6): APERF, TURBO, DTS, PTM, HWP, HWPnotify, HWPwindow, HWPepp, No-HWPpkg, EPB
cpu7: MSR_IA32_MISC_ENABLE: 0x00850089 (TCC EIST No-MWAIT PREFETCH TURBO)
CPUID(7): SGX
cpu7: MSR_IA32_FEATURE_CONTROL: 0x00040005 (Locked SGX)
CPUID(0x15): eax_crystal: 2 ebx_tsc: 166 ecx_crystal_hz: 0
TSC: 1992 MHz (24000000 Hz * 166 / 2 / 1000000)
CPUID(0x16): base_mhz: 2000 max_mhz: 4000 bus_mhz: 100
cpu7: MSR_MISC_PWR_MGMT: 0x00401cc0 (ENable-EIST_Coordination DISable-EPB DISable-OOB)
RAPL: 17476 sec. Joule Counter Range, at 15 Watts
cpu7: MSR_PLATFORM_INFO: 0x4043df1011400
4 * 100.0 = 400.0 MHz max efficiency frequency
20 * 100.0 = 2000.0 MHz base frequency
cpu7: MSR_IA32_POWER_CTL: 0x0024005f (C1E auto-promotion: ENabled)
cpu7: MSR_TURBO_RATIO_LIMIT: 0x25252828
37 * 100.0 = 3700.0 MHz max turbo 4 active cores
37 * 100.0 = 3700.0 MHz max turbo 3 active cores
40 * 100.0 = 4000.0 MHz max turbo 2 active cores
40 * 100.0 = 4000.0 MHz max turbo 1 active cores
cpu7: MSR_CONFIG_TDP_NOMINAL: 0x00000012 (base_ratio=18)
cpu7: MSR_CONFIG_TDP_LEVEL_1: 0x00080050 (PKG_MIN_PWR_LVL1=0 PKG_MAX_PWR_LVL1=0 LVL1_RATIO=8 PKG_TDP_LVL1=80)
cpu7: MSR_CONFIG_TDP_LEVEL_2: 0x001400c8 (PKG_MIN_PWR_LVL2=0 PKG_MAX_PWR_LVL2=0 LVL2_RATIO=20 PKG_TDP_LVL2=200)
cpu7: MSR_CONFIG_TDP_CONTROL: 0x00000000 ( lock=0)
cpu7: MSR_TURBO_ACTIVATION_RATIO: 0x00000011 (MAX_NON_TURBO_RATIO=17 lock=0)
cpu7: MSR_PKG_CST_CONFIG_CONTROL: 0x1e008005 (UNdemote-C3, UNdemote-C1, demote-C3, demote-C1, locked: pkg-cstate-limit=5: pc7s)
cpu7: POLL: CPUIDLE CORE POLL IDLE
cpu7: C1: MWAIT 0x00
cpu7: C1E: MWAIT 0x01
cpu7: C3: MWAIT 0x10
cpu7: C6: MWAIT 0x20
cpu7: C7s: MWAIT 0x33
cpu7: C8: MWAIT 0x40
cpu7: C9: MWAIT 0x50
cpu7: C10: MWAIT 0x60
cpu7: cpufreq driver: intel_pstate
cpu7: cpufreq governor: powersave
cpufreq intel_pstate no_turbo: 0
cpu7: MSR_MISC_FEATURE_CONTROL: 0x00000000 (L2-Prefetch L2-Prefetch-pair L1-Prefetch L1-IP-Prefetch)
cpu0: MSR_PM_ENABLE: 0x00000001 (HWP)
cpu0: MSR_HWP_CAPABILITIES: 0x01081228 (high 40 guar 18 eff 8 low 1)
cpu0: MSR_HWP_REQUEST: 0x80002804 (min 4 max 40 des 0 epp 0x80 window 0x0 pkg 0x0)
cpu0: MSR_HWP_INTERRUPT: 0x00000000 (Dis_Guaranteed_Perf_Change, Dis_Excursion_Min)
cpu0: MSR_HWP_STATUS: 0x00000000 (No-Guaranteed_Perf_Change, No-Excursion_Min)
cpu0: MSR_IA32_ENERGY_PERF_BIAS: 0x00000006 (balanced)
cpu0: MSR_RAPL_POWER_UNIT: 0x000a0e03 (0.125000 Watts, 0.000061 Joules, 0.000977 sec.)
cpu0: MSR_PKG_POWER_INFO: 0x00000078 (15 W TDP, RAPL 0 - 0 W, 0.000000 sec.)
cpu0: MSR_PKG_POWER_LIMIT: 0x83816000dd809d (UNlocked)
cpu0: PKG Limit #1: ENabled (19.625000 Watts, 28.000000 sec, clamp ENabled)
cpu0: PKG Limit #2: ENabled (44.000000 Watts, 0.002930* sec, clamp ENabled)
cpu0: MSR_DRAM_POWER_LIMIT: 0x5400de00000000 (UNlocked)
cpu0: DRAM Limit: DISabled (0.000000 Watts, 0.000977 sec, clamp DISabled)
cpu0: MSR_PP0_POLICY: 0
cpu0: MSR_PP0_POWER_LIMIT: 0x00000000 (UNlocked)
cpu0: Cores Limit: DISabled (0.000000 Watts, 0.000977 sec, clamp DISabled)
cpu0: MSR_PP1_POLICY: 0
cpu0: MSR_PP1_POWER_LIMIT: 0x00000000 (UNlocked)
cpu0: GFX Limit: DISabled (0.000000 Watts, 0.000977 sec, clamp DISabled)
cpu0: MSR_IA32_TEMPERATURE_TARGET: 0x02640000 (100 C)
cpu0: MSR_IA32_PACKAGE_THERM_STATUS: 0x8823080a (65 C)
cpu0: MSR_IA32_PACKAGE_THERM_INTERRUPT: 0x00000003 (100 C, 100 C)
cpu7: MSR_PKGC3_IRTL: 0x0000884e (valid, 79872 ns)
cpu7: MSR_PKGC6_IRTL: 0x00008876 (valid, 120832 ns)
cpu7: MSR_PKGC7_IRTL: 0x00008894 (valid, 151552 ns)
cpu7: MSR_PKGC8_IRTL: 0x000088fa (valid, 256000 ns)
cpu7: MSR_PKGC9_IRTL: 0x0000894c (valid, 339968 ns)
cpu7: MSR_PKGC10_IRTL: 0x00008bf2 (valid, 1034240 ns)

GPU TIME: 1.31908 seconds
CPU TIME(0.200000) Time = 11.467265 Sec
Success!
Done.
11.557941 sec
Core	CPU	Avg_MHz	Busy%	Bzy_MHz	TSC_MHz	IRQ	SMI	C1	C1E	C3	C6	C7s	C8	C9	C10	C1%	C1E%	C3%	C6%	C7s%	C8%	C9%	C10%	CPU%c1	CPU%c3	CPU%c6	CPU%c7	CoreTmp	PkgTmp	GFX%rc6	GFXMHz	Totl%C0	Any%C0	GFX%C0	CPUGFX%	Pkg%pc2	Pkg%pc3	Pkg%pc6	Pkg%pc7	Pkg%pc8	Pkg%pc9	Pk%pc10	Pkg_J	Cor_J	GFX_J	RAM_J	PKG_%	RAM_%
-	-	1369	51.32	2665	1993	33743	0	1807	1069	917	5357	183	12089	7	1793	0.39	0.45	0.36	4.23	0.53	30.66	0.02	11.80	46.09	0.30	0.86	1.44	79	80	77.67	300	384.68	99.28	21.67	21.38	0.00	0.00	0.00	0.00	0.00	0.00	0.00	205.81	178.63	13.36	6.73	0.00	0.00
0	0	2671	99.21	2690	1994	4589	0	0	0	0	3	0	8	0	1	0.00	0.00	0.00	0.02	0.00	0.15	0.00	0.00	0.66	0.00	0.03	0.09	79	80	77.67	300	384.54	99.24	21.66	21.38	0.00	0.00	0.00	0.00	0.00	0.00	0.00	205.81	178.63	13.36	6.73	0.00	0.00
0	4	192	7.38	2606	1994	5133	0	448	172	172	1176	7	3820	2	313	0.48	0.28	0.33	7.57	0.13	74.57	0.00	9.32	92.50
1	1	2663	98.88	2691	1994	4079	0	1	6	3	9	0	13	0	3	0.00	0.10	0.00	0.03	0.00	0.36	0.00	0.00	0.79	0.01	0.15	0.17	78
1	5	140	5.44	2578	1994	5864	0	441	250	327	2075	0	3198	0	389	0.71	0.48	0.58	11.74	0.00	59.41	0.00	21.72	94.23
2	2	2285	87.72	2603	1994	3255	0	10	145	62	157	114	120	5	6	0.01	1.57	1.21	3.15	2.93	2.83	0.15	0.12	2.68	1.17	3.17	5.26	74
2	6	146	5.64	2593	1992	3290	0	446	264	190	967	58	2491	0	522	1.18	0.63	0.46	5.75	1.11	54.81	0.00	30.42	84.76
3	3	2664	99.01	2691	1992	4298	0	1	0	0	9	0	15	0	3	0.01	0.00	0.00	0.04	0.00	0.26	0.00	0.06	0.67	0.00	0.09	0.22	79
3	7	186	7.23	2578	1992	3235	0	460	232	163	961	4	2424	0	556	0.73	0.51	0.30	5.54	0.08	52.89	0.00	32.72	92.46
