turbostat version 17.06.23 - Len Brown <lenb@kernel.org>
CPUID(0): GenuineIntel 22 CPUID levels; family:model:stepping 0x6:8e:a (6:142:10)
CPUID(1): SSE3 MONITOR - EIST TM2 TSC MSR ACPI-TM TM
CPUID(6): APERF, TURBO, DTS, PTM, HWP, HWPnotify, HWPwindow, HWPepp, No-HWPpkg, EPB
cpu1: MSR_IA32_MISC_ENABLE: 0x00850089 (TCC EIST No-MWAIT PREFETCH TURBO)
CPUID(7): SGX
cpu1: MSR_IA32_FEATURE_CONTROL: 0x00040005 (Locked SGX)
CPUID(0x15): eax_crystal: 2 ebx_tsc: 166 ecx_crystal_hz: 0
TSC: 1992 MHz (24000000 Hz * 166 / 2 / 1000000)
CPUID(0x16): base_mhz: 2000 max_mhz: 4000 bus_mhz: 100
cpu1: MSR_MISC_PWR_MGMT: 0x00401cc0 (ENable-EIST_Coordination DISable-EPB DISable-OOB)
RAPL: 17476 sec. Joule Counter Range, at 15 Watts
cpu1: MSR_PLATFORM_INFO: 0x4043df1011400
4 * 100.0 = 400.0 MHz max efficiency frequency
20 * 100.0 = 2000.0 MHz base frequency
cpu1: MSR_IA32_POWER_CTL: 0x0024005f (C1E auto-promotion: ENabled)
cpu1: MSR_TURBO_RATIO_LIMIT: 0x25252828
37 * 100.0 = 3700.0 MHz max turbo 4 active cores
37 * 100.0 = 3700.0 MHz max turbo 3 active cores
40 * 100.0 = 4000.0 MHz max turbo 2 active cores
40 * 100.0 = 4000.0 MHz max turbo 1 active cores
cpu1: MSR_CONFIG_TDP_NOMINAL: 0x00000012 (base_ratio=18)
cpu1: MSR_CONFIG_TDP_LEVEL_1: 0x00080050 (PKG_MIN_PWR_LVL1=0 PKG_MAX_PWR_LVL1=0 LVL1_RATIO=8 PKG_TDP_LVL1=80)
cpu1: MSR_CONFIG_TDP_LEVEL_2: 0x001400c8 (PKG_MIN_PWR_LVL2=0 PKG_MAX_PWR_LVL2=0 LVL2_RATIO=20 PKG_TDP_LVL2=200)
cpu1: MSR_CONFIG_TDP_CONTROL: 0x00000000 ( lock=0)
cpu1: MSR_TURBO_ACTIVATION_RATIO: 0x00000011 (MAX_NON_TURBO_RATIO=17 lock=0)
cpu1: MSR_PKG_CST_CONFIG_CONTROL: 0x1e008005 (UNdemote-C3, UNdemote-C1, demote-C3, demote-C1, locked: pkg-cstate-limit=5: pc7s)
cpu1: POLL: CPUIDLE CORE POLL IDLE
cpu1: C1: MWAIT 0x00
cpu1: C1E: MWAIT 0x01
cpu1: C3: MWAIT 0x10
cpu1: C6: MWAIT 0x20
cpu1: C7s: MWAIT 0x33
cpu1: C8: MWAIT 0x40
cpu1: C9: MWAIT 0x50
cpu1: C10: MWAIT 0x60
cpu1: cpufreq driver: intel_pstate
cpu1: cpufreq governor: powersave
cpufreq intel_pstate no_turbo: 0
cpu1: MSR_MISC_FEATURE_CONTROL: 0x00000000 (L2-Prefetch L2-Prefetch-pair L1-Prefetch L1-IP-Prefetch)
cpu0: MSR_PM_ENABLE: 0x00000001 (HWP)
cpu0: MSR_HWP_CAPABILITIES: 0x01081228 (high 40 guar 18 eff 8 low 1)
cpu0: MSR_HWP_REQUEST: 0x80002804 (min 4 max 40 des 0 epp 0x80 window 0x0 pkg 0x0)
cpu0: MSR_HWP_INTERRUPT: 0x00000000 (Dis_Guaranteed_Perf_Change, Dis_Excursion_Min)
cpu0: MSR_HWP_STATUS: 0x00000000 (No-Guaranteed_Perf_Change, No-Excursion_Min)
cpu0: MSR_IA32_ENERGY_PERF_BIAS: 0x00000006 (balanced)
cpu0: MSR_RAPL_POWER_UNIT: 0x000a0e03 (0.125000 Watts, 0.000061 Joules, 0.000977 sec.)
cpu0: MSR_PKG_POWER_INFO: 0x00000078 (15 W TDP, RAPL 0 - 0 W, 0.000000 sec.)
cpu0: MSR_PKG_POWER_LIMIT: 0x82016000dc80a0 (UNlocked)
cpu0: PKG Limit #1: ENabled (20.000000 Watts, 28.000000 sec, clamp DISabled)
cpu0: PKG Limit #2: DISabled (44.000000 Watts, 0.002930* sec, clamp DISabled)
cpu0: MSR_DRAM_POWER_LIMIT: 0x5400de00000000 (UNlocked)
cpu0: DRAM Limit: DISabled (0.000000 Watts, 0.000977 sec, clamp DISabled)
cpu0: MSR_PP0_POLICY: 0
cpu0: MSR_PP0_POWER_LIMIT: 0x00000000 (UNlocked)
cpu0: Cores Limit: DISabled (0.000000 Watts, 0.000977 sec, clamp DISabled)
cpu0: MSR_PP1_POLICY: 0
cpu0: MSR_PP1_POWER_LIMIT: 0x00000000 (UNlocked)
cpu0: GFX Limit: DISabled (0.000000 Watts, 0.000977 sec, clamp DISabled)
cpu0: MSR_IA32_TEMPERATURE_TARGET: 0x02640000 (100 C)
cpu0: MSR_IA32_PACKAGE_THERM_STATUS: 0x8826080a (62 C)
cpu0: MSR_IA32_PACKAGE_THERM_INTERRUPT: 0x00000003 (100 C, 100 C)
cpu1: MSR_PKGC3_IRTL: 0x0000884e (valid, 79872 ns)
cpu1: MSR_PKGC6_IRTL: 0x00008876 (valid, 120832 ns)
cpu1: MSR_PKGC7_IRTL: 0x00008894 (valid, 151552 ns)
cpu1: MSR_PKGC8_IRTL: 0x000088fa (valid, 256000 ns)
cpu1: MSR_PKGC9_IRTL: 0x0000894c (valid, 339968 ns)
cpu1: MSR_PKGC10_IRTL: 0x00008bf2 (valid, 1034240 ns)

GPU TIME: 1.82265 seconds
CPU TIME(0.400000) Time = 8.727808 Sec
Success!
Done.
8.832240 sec
Core	CPU	Avg_MHz	Busy%	Bzy_MHz	TSC_MHz	IRQ	SMI	C1	C1E	C3	C6	C7s	C8	C9	C10	C1%	C1E%	C3%	C6%	C7s%	C8%	C9%	C10%	CPU%c1	CPU%c3	CPU%c6	CPU%c7	CoreTmp	PkgTmp	GFX%rc6	GFXMHz	Totl%C0	Any%C0	GFX%C0	CPUGFX%	Pkg%pc2	Pkg%pc3	Pkg%pc6	Pkg%pc7	Pkg%pc8	Pkg%pc9	Pk%pc10	Pkg_J	Cor_J	GFX_J	RAM_J	PKG_%	RAM_%
-	-	1345	49.92	2694	1993	24423	0	1437	912	496	2801	294	7888	5	1579	0.31	0.69	0.28	3.10	1.20	28.49	0.02	15.74	45.67	0.29	1.13	2.99	78	78	68.05	300	375.56	99.31	31.49	31.21	0.00	0.00	0.00	0.00	0.00	0.00	0.00	168.83	137.63	19.73	6.65	0.00	0.00
0	0	2691	98.76	2723	1994	3638	0	43	3	2	15	0	22	0	8	0.06	0.00	0.00	0.14	0.00	0.45	0.00	0.02	0.79	0.00	0.20	0.25	78	78	68.05	300	375.42	99.27	31.47	31.20	0.00	0.00	0.00	0.00	0.00	0.00	0.00	168.83	137.63	19.73	6.65	0.00	0.00
0	4	178	6.81	2609	1993	3342	0	373	135	93	654	15	2493	0	241	0.53	0.34	0.23	5.51	0.36	69.94	0.00	16.33	92.73
1	1	2075	79.19	2618	1993	2720	0	111	286	55	155	211	107	3	5	0.12	3.74	1.18	4.16	7.69	3.51	0.14	0.00	4.67	1.16	4.19	10.79	75
1	5	106	4.05	2613	1993	3673	0	377	244	182	1081	0	2183	0	374	0.47	0.70	0.45	7.98	0.00	56.81	0.00	29.60	79.81
2	2	2693	98.92	2722	1992	3252	0	0	2	2	15	0	17	0	6	0.00	0.00	0.01	0.13	0.00	0.35	0.00	0.02	0.62	0.01	0.12	0.34	74
2	6	225	8.85	2542	1992	1893	0	299	99	87	351	7	1305	0	517	0.61	0.26	0.19	2.88	0.17	42.71	0.00	44.31	90.69
3	3	2692	98.79	2725	1992	3386	0	1	0	0	7	0	20	0	11	0.02	0.00	0.00	0.02	0.00	0.47	0.00	0.13	0.62	0.00	0.03	0.56	78
3	7	105	3.96	2638	1992	2519	0	233	143	75	523	61	1741	2	417	0.70	0.50	0.21	4.02	1.41	53.65	0.00	35.53	95.45
