turbostat version 17.06.23 - Len Brown <lenb@kernel.org>
CPUID(0): GenuineIntel 22 CPUID levels; family:model:stepping 0x6:8e:a (6:142:10)
CPUID(1): SSE3 MONITOR - EIST TM2 TSC MSR ACPI-TM TM
CPUID(6): APERF, TURBO, DTS, PTM, HWP, HWPnotify, HWPwindow, HWPepp, No-HWPpkg, EPB
cpu3: MSR_IA32_MISC_ENABLE: 0x00850089 (TCC EIST No-MWAIT PREFETCH TURBO)
CPUID(7): SGX
cpu3: MSR_IA32_FEATURE_CONTROL: 0x00040005 (Locked SGX)
CPUID(0x15): eax_crystal: 2 ebx_tsc: 166 ecx_crystal_hz: 0
TSC: 1992 MHz (24000000 Hz * 166 / 2 / 1000000)
CPUID(0x16): base_mhz: 2000 max_mhz: 4000 bus_mhz: 100
cpu3: MSR_MISC_PWR_MGMT: 0x00401cc0 (ENable-EIST_Coordination DISable-EPB DISable-OOB)
RAPL: 17476 sec. Joule Counter Range, at 15 Watts
cpu3: MSR_PLATFORM_INFO: 0x4043df1011400
4 * 100.0 = 400.0 MHz max efficiency frequency
20 * 100.0 = 2000.0 MHz base frequency
cpu3: MSR_IA32_POWER_CTL: 0x0024005f (C1E auto-promotion: ENabled)
cpu3: MSR_TURBO_RATIO_LIMIT: 0x25252828
37 * 100.0 = 3700.0 MHz max turbo 4 active cores
37 * 100.0 = 3700.0 MHz max turbo 3 active cores
40 * 100.0 = 4000.0 MHz max turbo 2 active cores
40 * 100.0 = 4000.0 MHz max turbo 1 active cores
cpu3: MSR_CONFIG_TDP_NOMINAL: 0x00000012 (base_ratio=18)
cpu3: MSR_CONFIG_TDP_LEVEL_1: 0x00080050 (PKG_MIN_PWR_LVL1=0 PKG_MAX_PWR_LVL1=0 LVL1_RATIO=8 PKG_TDP_LVL1=80)
cpu3: MSR_CONFIG_TDP_LEVEL_2: 0x001400c8 (PKG_MIN_PWR_LVL2=0 PKG_MAX_PWR_LVL2=0 LVL2_RATIO=20 PKG_TDP_LVL2=200)
cpu3: MSR_CONFIG_TDP_CONTROL: 0x00000000 ( lock=0)
cpu3: MSR_TURBO_ACTIVATION_RATIO: 0x00000011 (MAX_NON_TURBO_RATIO=17 lock=0)
cpu3: MSR_PKG_CST_CONFIG_CONTROL: 0x1e008005 (UNdemote-C3, UNdemote-C1, demote-C3, demote-C1, locked: pkg-cstate-limit=5: pc7s)
cpu3: POLL: CPUIDLE CORE POLL IDLE
cpu3: C1: MWAIT 0x00
cpu3: C1E: MWAIT 0x01
cpu3: C3: MWAIT 0x10
cpu3: C6: MWAIT 0x20
cpu3: C7s: MWAIT 0x33
cpu3: C8: MWAIT 0x40
cpu3: C9: MWAIT 0x50
cpu3: C10: MWAIT 0x60
cpu3: cpufreq driver: intel_pstate
cpu3: cpufreq governor: powersave
cpufreq intel_pstate no_turbo: 0
cpu3: MSR_MISC_FEATURE_CONTROL: 0x00000000 (L2-Prefetch L2-Prefetch-pair L1-Prefetch L1-IP-Prefetch)
cpu0: MSR_PM_ENABLE: 0x00000001 (HWP)
cpu0: MSR_HWP_CAPABILITIES: 0x01081228 (high 40 guar 18 eff 8 low 1)
cpu0: MSR_HWP_REQUEST: 0x80002804 (min 4 max 40 des 0 epp 0x80 window 0x0 pkg 0x0)
cpu0: MSR_HWP_INTERRUPT: 0x00000000 (Dis_Guaranteed_Perf_Change, Dis_Excursion_Min)
cpu0: MSR_HWP_STATUS: 0x00000000 (No-Guaranteed_Perf_Change, No-Excursion_Min)
cpu0: MSR_IA32_ENERGY_PERF_BIAS: 0x00000006 (balanced)
cpu0: MSR_RAPL_POWER_UNIT: 0x000a0e03 (0.125000 Watts, 0.000061 Joules, 0.000977 sec.)
cpu0: MSR_PKG_POWER_INFO: 0x00000078 (15 W TDP, RAPL 0 - 0 W, 0.000000 sec.)
cpu0: MSR_PKG_POWER_LIMIT: 0x82016000dc80a0 (UNlocked)
cpu0: PKG Limit #1: ENabled (20.000000 Watts, 28.000000 sec, clamp DISabled)
cpu0: PKG Limit #2: DISabled (44.000000 Watts, 0.002930* sec, clamp DISabled)
cpu0: MSR_DRAM_POWER_LIMIT: 0x5400de00000000 (UNlocked)
cpu0: DRAM Limit: DISabled (0.000000 Watts, 0.000977 sec, clamp DISabled)
cpu0: MSR_PP0_POLICY: 0
cpu0: MSR_PP0_POWER_LIMIT: 0x00000000 (UNlocked)
cpu0: Cores Limit: DISabled (0.000000 Watts, 0.000977 sec, clamp DISabled)
cpu0: MSR_PP1_POLICY: 0
cpu0: MSR_PP1_POWER_LIMIT: 0x00000000 (UNlocked)
cpu0: GFX Limit: DISabled (0.000000 Watts, 0.000977 sec, clamp DISabled)
cpu0: MSR_IA32_TEMPERATURE_TARGET: 0x02640000 (100 C)
cpu0: MSR_IA32_PACKAGE_THERM_STATUS: 0x8826080a (62 C)
cpu0: MSR_IA32_PACKAGE_THERM_INTERRUPT: 0x00000003 (100 C, 100 C)
cpu3: MSR_PKGC3_IRTL: 0x0000884e (valid, 79872 ns)
cpu3: MSR_PKGC6_IRTL: 0x00008876 (valid, 120832 ns)
cpu3: MSR_PKGC7_IRTL: 0x00008894 (valid, 151552 ns)
cpu3: MSR_PKGC8_IRTL: 0x000088fa (valid, 256000 ns)
cpu3: MSR_PKGC9_IRTL: 0x0000894c (valid, 339968 ns)
cpu3: MSR_PKGC10_IRTL: 0x00008bf2 (valid, 1034240 ns)

GPU TIME: 2.0577 seconds
CPU TIME(0.500000) Time = 7.636027 Sec
Success!
Done.
7.717697 sec
Core	CPU	Avg_MHz	Busy%	Bzy_MHz	TSC_MHz	IRQ	SMI	C1	C1E	C3	C6	C7s	C8	C9	C10	C1%	C1E%	C3%	C6%	C7s%	C8%	C9%	C10%	CPU%c1	CPU%c3	CPU%c6	CPU%c7	CoreTmp	PkgTmp	GFX%rc6	GFXMHz	Totl%C0	Any%C0	GFX%C0	CPUGFX%	Pkg%pc2	Pkg%pc3	Pkg%pc6	Pkg%pc7	Pkg%pc8	Pkg%pc9	Pk%pc10	Pkg_J	Cor_J	GFX_J	RAM_J	PKG_%	RAM_%
-	-	1362	50.81	2681	1992	23454	0	1335	878	540	2810	299	7205	3	1211	0.49	0.72	0.46	3.65	1.39	29.53	0.01	12.70	43.59	0.37	1.69	3.54	77	78	64.09	1100	370.57	99.34	35.43	35.22	0.00	0.00	0.00	0.00	0.00	0.00	0.00	151.99	117.81	23.45	7.34	0.00	0.00
0	0	2685	98.90	2714	1992	3228	0	1	0	1	6	0	15	0	0	0.05	0.00	0.00	0.01	0.00	0.53	0.00	0.00	1.04	0.00	0.02	0.03	77	78	64.09	1100	370.56	99.34	35.43	35.22	0.00	0.00	0.00	0.00	0.00	0.00	0.00	151.99	117.81	23.45	7.34	0.00	0.00
0	4	199	7.66	2591	1992	3426	0	263	186	130	580	32	2114	0	267	0.47	0.67	0.58	5.11	0.83	69.11	0.00	15.54	92.28
1	1	1894	73.00	2594	1992	2332	0	37	245	49	199	218	148	2	0	0.06	4.02	1.44	6.57	9.03	5.56	0.07	0.00	5.62	1.46	6.52	13.40	76
1	5	172	6.51	2636	1992	3671	0	455	164	154	987	12	2023	0	302	0.44	0.43	0.49	8.84	0.31	58.90	0.00	24.07	72.11
2	2	2686	98.96	2714	1992	2910	0	0	0	0	4	0	25	0	0	0.00	0.00	0.00	0.06	0.00	0.47	0.00	0.00	0.56	0.00	0.10	0.38	73
2	6	389	15.28	2546	1992	2182	0	264	170	94	459	34	1280	1	333	2.18	0.42	0.64	3.75	0.81	46.27	0.02	30.57	84.24
3	3	2687	98.99	2714	1992	3016	0	0	2	0	3	0	19	0	1	0.00	0.00	0.00	0.04	0.00	0.46	0.00	0.00	0.53	0.00	0.13	0.34	77
3	7	187	7.21	2594	1992	2689	0	315	111	112	572	3	1581	0	308	0.76	0.23	0.49	4.85	0.10	54.94	0.00	31.41	92.32
