turbostat version 17.06.23 - Len Brown <lenb@kernel.org>
CPUID(0): GenuineIntel 22 CPUID levels; family:model:stepping 0x6:8e:a (6:142:10)
CPUID(1): SSE3 MONITOR - EIST TM2 TSC MSR ACPI-TM TM
CPUID(6): APERF, TURBO, DTS, PTM, HWP, HWPnotify, HWPwindow, HWPepp, No-HWPpkg, EPB
cpu2: MSR_IA32_MISC_ENABLE: 0x00850089 (TCC EIST No-MWAIT PREFETCH TURBO)
CPUID(7): SGX
cpu2: MSR_IA32_FEATURE_CONTROL: 0x00040005 (Locked SGX)
CPUID(0x15): eax_crystal: 2 ebx_tsc: 166 ecx_crystal_hz: 0
TSC: 1992 MHz (24000000 Hz * 166 / 2 / 1000000)
CPUID(0x16): base_mhz: 2000 max_mhz: 4000 bus_mhz: 100
cpu2: MSR_MISC_PWR_MGMT: 0x00401cc0 (ENable-EIST_Coordination DISable-EPB DISable-OOB)
RAPL: 17476 sec. Joule Counter Range, at 15 Watts
cpu2: MSR_PLATFORM_INFO: 0x4043df1011400
4 * 100.0 = 400.0 MHz max efficiency frequency
20 * 100.0 = 2000.0 MHz base frequency
cpu2: MSR_IA32_POWER_CTL: 0x0024005f (C1E auto-promotion: ENabled)
cpu2: MSR_TURBO_RATIO_LIMIT: 0x25252828
37 * 100.0 = 3700.0 MHz max turbo 4 active cores
37 * 100.0 = 3700.0 MHz max turbo 3 active cores
40 * 100.0 = 4000.0 MHz max turbo 2 active cores
40 * 100.0 = 4000.0 MHz max turbo 1 active cores
cpu2: MSR_CONFIG_TDP_NOMINAL: 0x00000012 (base_ratio=18)
cpu2: MSR_CONFIG_TDP_LEVEL_1: 0x00080050 (PKG_MIN_PWR_LVL1=0 PKG_MAX_PWR_LVL1=0 LVL1_RATIO=8 PKG_TDP_LVL1=80)
cpu2: MSR_CONFIG_TDP_LEVEL_2: 0x001400c8 (PKG_MIN_PWR_LVL2=0 PKG_MAX_PWR_LVL2=0 LVL2_RATIO=20 PKG_TDP_LVL2=200)
cpu2: MSR_CONFIG_TDP_CONTROL: 0x00000000 ( lock=0)
cpu2: MSR_TURBO_ACTIVATION_RATIO: 0x00000011 (MAX_NON_TURBO_RATIO=17 lock=0)
cpu2: MSR_PKG_CST_CONFIG_CONTROL: 0x1e008005 (UNdemote-C3, UNdemote-C1, demote-C3, demote-C1, locked: pkg-cstate-limit=5: pc7s)
cpu2: POLL: CPUIDLE CORE POLL IDLE
cpu2: C1: MWAIT 0x00
cpu2: C1E: MWAIT 0x01
cpu2: C3: MWAIT 0x10
cpu2: C6: MWAIT 0x20
cpu2: C7s: MWAIT 0x33
cpu2: C8: MWAIT 0x40
cpu2: C9: MWAIT 0x50
cpu2: C10: MWAIT 0x60
cpu2: cpufreq driver: intel_pstate
cpu2: cpufreq governor: powersave
cpufreq intel_pstate no_turbo: 0
cpu2: MSR_MISC_FEATURE_CONTROL: 0x00000000 (L2-Prefetch L2-Prefetch-pair L1-Prefetch L1-IP-Prefetch)
cpu0: MSR_PM_ENABLE: 0x00000001 (HWP)
cpu0: MSR_HWP_CAPABILITIES: 0x01081228 (high 40 guar 18 eff 8 low 1)
cpu0: MSR_HWP_REQUEST: 0x80002804 (min 4 max 40 des 0 epp 0x80 window 0x0 pkg 0x0)
cpu0: MSR_HWP_INTERRUPT: 0x00000000 (Dis_Guaranteed_Perf_Change, Dis_Excursion_Min)
cpu0: MSR_HWP_STATUS: 0x00000000 (No-Guaranteed_Perf_Change, No-Excursion_Min)
cpu0: MSR_IA32_ENERGY_PERF_BIAS: 0x00000006 (balanced)
cpu0: MSR_RAPL_POWER_UNIT: 0x000a0e03 (0.125000 Watts, 0.000061 Joules, 0.000977 sec.)
cpu0: MSR_PKG_POWER_INFO: 0x00000078 (15 W TDP, RAPL 0 - 0 W, 0.000000 sec.)
cpu0: MSR_PKG_POWER_LIMIT: 0x82016000dc80a0 (UNlocked)
cpu0: PKG Limit #1: ENabled (20.000000 Watts, 28.000000 sec, clamp DISabled)
cpu0: PKG Limit #2: DISabled (44.000000 Watts, 0.002930* sec, clamp DISabled)
cpu0: MSR_DRAM_POWER_LIMIT: 0x5400de00000000 (UNlocked)
cpu0: DRAM Limit: DISabled (0.000000 Watts, 0.000977 sec, clamp DISabled)
cpu0: MSR_PP0_POLICY: 0
cpu0: MSR_PP0_POWER_LIMIT: 0x00000000 (UNlocked)
cpu0: Cores Limit: DISabled (0.000000 Watts, 0.000977 sec, clamp DISabled)
cpu0: MSR_PP1_POLICY: 0
cpu0: MSR_PP1_POWER_LIMIT: 0x00000000 (UNlocked)
cpu0: GFX Limit: DISabled (0.000000 Watts, 0.000977 sec, clamp DISabled)
cpu0: MSR_IA32_TEMPERATURE_TARGET: 0x02640000 (100 C)
cpu0: MSR_IA32_PACKAGE_THERM_STATUS: 0x8827080a (61 C)
cpu0: MSR_IA32_PACKAGE_THERM_INTERRUPT: 0x00000003 (100 C, 100 C)
cpu2: MSR_PKGC3_IRTL: 0x0000884e (valid, 79872 ns)
cpu2: MSR_PKGC6_IRTL: 0x00008876 (valid, 120832 ns)
cpu2: MSR_PKGC7_IRTL: 0x00008894 (valid, 151552 ns)
cpu2: MSR_PKGC8_IRTL: 0x000088fa (valid, 256000 ns)
cpu2: MSR_PKGC9_IRTL: 0x0000894c (valid, 339968 ns)
cpu2: MSR_PKGC10_IRTL: 0x00008bf2 (valid, 1034240 ns)

GPU TIME: 2.335 seconds
CPU TIME(0.600000) Time = 6.207755 Sec
Success!
Done.
6.308928 sec
Core	CPU	Avg_MHz	Busy%	Bzy_MHz	TSC_MHz	IRQ	SMI	C1	C1E	C3	C6	C7s	C8	C9	C10	C1%	C1E%	C3%	C6%	C7s%	C8%	C9%	C10%	CPU%c1	CPU%c3	CPU%c6	CPU%c7	CoreTmp	PkgTmp	GFX%rc6	GFXMHz	Totl%C0	Any%C0	GFX%C0	CPUGFX%	Pkg%pc2	Pkg%pc3	Pkg%pc6	Pkg%pc7	Pkg%pc8	Pkg%pc9	Pk%pc10	Pkg_J	Cor_J	GFX_J	RAM_J	PKG_%	RAM_%
-	-	1251	47.17	2649	1994	19631	0	833	894	443	2050	376	5744	9	1082	0.19	1.23	0.62	3.69	1.96	29.55	0.05	15.30	45.48	0.81	2.18	4.37	78	78	54.34	300	358.81	99.23	45.32	44.92	0.00	0.00	0.00	0.00	0.00	0.00	0.00	128.39	96.08	23.16	6.69	0.00	0.00
0	0	2655	98.96	2678	1996	2899	0	0	0	1	1	0	8	0	0	0.00	0.00	0.00	0.00	0.00	0.33	0.00	0.00	0.79	0.00	0.04	0.21	78	78	54.34	300	358.54	99.15	45.28	44.88	0.00	0.00	0.00	0.00	0.00	0.00	0.00	128.39	96.08	23.16	6.69	0.00	0.00
0	4	149	5.98	2494	1996	2496	0	149	79	65	452	5	1616	1	275	0.23	0.17	0.23	5.12	0.12	62.71	0.01	25.55	93.77
1	1	1585	62.29	2540	1996	2262	0	89	460	97	222	233	154	6	1	0.18	8.06	3.18	8.25	11.31	6.02	0.36	0.18	10.30	3.22	8.41	15.78	76
1	5	114	4.82	2360	1994	2778	0	216	142	126	731	36	1629	0	185	0.32	0.66	0.70	8.43	1.06	62.69	0.00	21.40	67.75
2	2	2642	98.20	2688	1994	2643	0	0	3	3	4	0	31	0	4	0.00	0.00	0.00	0.07	0.00	1.01	0.00	0.01	0.86	0.00	0.14	0.80	74
2	6	141	5.67	2483	1994	1837	0	206	124	63	267	66	1088	2	306	0.27	0.60	0.40	3.60	2.08	55.35	0.02	32.04	93.39
3	3	2644	98.28	2688	1994	2723	0	0	1	1	2	0	27	0	1	0.00	0.00	0.00	0.03	0.00	0.98	0.00	0.00	0.91	0.00	0.12	0.69	78
3	7	78	3.08	2520	1992	1993	0	173	85	87	371	36	1191	0	310	0.51	0.35	0.43	3.99	1.09	47.33	0.00	43.20	96.11
