turbostat version 17.06.23 - Len Brown <lenb@kernel.org>
CPUID(0): GenuineIntel 22 CPUID levels; family:model:stepping 0x6:8e:a (6:142:10)
CPUID(1): SSE3 MONITOR - EIST TM2 TSC MSR ACPI-TM TM
CPUID(6): APERF, TURBO, DTS, PTM, HWP, HWPnotify, HWPwindow, HWPepp, No-HWPpkg, EPB
cpu2: MSR_IA32_MISC_ENABLE: 0x00850089 (TCC EIST No-MWAIT PREFETCH TURBO)
CPUID(7): SGX
cpu2: MSR_IA32_FEATURE_CONTROL: 0x00040005 (Locked SGX)
CPUID(0x15): eax_crystal: 2 ebx_tsc: 166 ecx_crystal_hz: 0
TSC: 1992 MHz (24000000 Hz * 166 / 2 / 1000000)
CPUID(0x16): base_mhz: 2000 max_mhz: 4000 bus_mhz: 100
cpu2: MSR_MISC_PWR_MGMT: 0x00401cc0 (ENable-EIST_Coordination DISable-EPB DISable-OOB)
RAPL: 17476 sec. Joule Counter Range, at 15 Watts
cpu2: MSR_PLATFORM_INFO: 0x4043df1011400
4 * 100.0 = 400.0 MHz max efficiency frequency
20 * 100.0 = 2000.0 MHz base frequency
cpu2: MSR_IA32_POWER_CTL: 0x0024005f (C1E auto-promotion: ENabled)
cpu2: MSR_TURBO_RATIO_LIMIT: 0x25252828
37 * 100.0 = 3700.0 MHz max turbo 4 active cores
37 * 100.0 = 3700.0 MHz max turbo 3 active cores
40 * 100.0 = 4000.0 MHz max turbo 2 active cores
40 * 100.0 = 4000.0 MHz max turbo 1 active cores
cpu2: MSR_CONFIG_TDP_NOMINAL: 0x00000012 (base_ratio=18)
cpu2: MSR_CONFIG_TDP_LEVEL_1: 0x00080050 (PKG_MIN_PWR_LVL1=0 PKG_MAX_PWR_LVL1=0 LVL1_RATIO=8 PKG_TDP_LVL1=80)
cpu2: MSR_CONFIG_TDP_LEVEL_2: 0x001400c8 (PKG_MIN_PWR_LVL2=0 PKG_MAX_PWR_LVL2=0 LVL2_RATIO=20 PKG_TDP_LVL2=200)
cpu2: MSR_CONFIG_TDP_CONTROL: 0x00000000 ( lock=0)
cpu2: MSR_TURBO_ACTIVATION_RATIO: 0x00000011 (MAX_NON_TURBO_RATIO=17 lock=0)
cpu2: MSR_PKG_CST_CONFIG_CONTROL: 0x1e008005 (UNdemote-C3, UNdemote-C1, demote-C3, demote-C1, locked: pkg-cstate-limit=5: pc7s)
cpu2: POLL: CPUIDLE CORE POLL IDLE
cpu2: C1: MWAIT 0x00
cpu2: C1E: MWAIT 0x01
cpu2: C3: MWAIT 0x10
cpu2: C6: MWAIT 0x20
cpu2: C7s: MWAIT 0x33
cpu2: C8: MWAIT 0x40
cpu2: C9: MWAIT 0x50
cpu2: C10: MWAIT 0x60
cpu2: cpufreq driver: intel_pstate
cpu2: cpufreq governor: powersave
cpufreq intel_pstate no_turbo: 0
cpu2: MSR_MISC_FEATURE_CONTROL: 0x00000000 (L2-Prefetch L2-Prefetch-pair L1-Prefetch L1-IP-Prefetch)
cpu0: MSR_PM_ENABLE: 0x00000001 (HWP)
cpu0: MSR_HWP_CAPABILITIES: 0x01081228 (high 40 guar 18 eff 8 low 1)
cpu0: MSR_HWP_REQUEST: 0x80002804 (min 4 max 40 des 0 epp 0x80 window 0x0 pkg 0x0)
cpu0: MSR_HWP_INTERRUPT: 0x00000000 (Dis_Guaranteed_Perf_Change, Dis_Excursion_Min)
cpu0: MSR_HWP_STATUS: 0x00000000 (No-Guaranteed_Perf_Change, No-Excursion_Min)
cpu0: MSR_IA32_ENERGY_PERF_BIAS: 0x00000006 (balanced)
cpu0: MSR_RAPL_POWER_UNIT: 0x000a0e03 (0.125000 Watts, 0.000061 Joules, 0.000977 sec.)
cpu0: MSR_PKG_POWER_INFO: 0x00000078 (15 W TDP, RAPL 0 - 0 W, 0.000000 sec.)
cpu0: MSR_PKG_POWER_LIMIT: 0x82016000dc80a0 (UNlocked)
cpu0: PKG Limit #1: ENabled (20.000000 Watts, 28.000000 sec, clamp DISabled)
cpu0: PKG Limit #2: DISabled (44.000000 Watts, 0.002930* sec, clamp DISabled)
cpu0: MSR_DRAM_POWER_LIMIT: 0x5400de00000000 (UNlocked)
cpu0: DRAM Limit: DISabled (0.000000 Watts, 0.000977 sec, clamp DISabled)
cpu0: MSR_PP0_POLICY: 0
cpu0: MSR_PP0_POWER_LIMIT: 0x00000000 (UNlocked)
cpu0: Cores Limit: DISabled (0.000000 Watts, 0.000977 sec, clamp DISabled)
cpu0: MSR_PP1_POLICY: 0
cpu0: MSR_PP1_POWER_LIMIT: 0x00000000 (UNlocked)
cpu0: GFX Limit: DISabled (0.000000 Watts, 0.000977 sec, clamp DISabled)
cpu0: MSR_IA32_TEMPERATURE_TARGET: 0x02640000 (100 C)
cpu0: MSR_IA32_PACKAGE_THERM_STATUS: 0x8826080a (62 C)
cpu0: MSR_IA32_PACKAGE_THERM_INTERRUPT: 0x00000003 (100 C, 100 C)
cpu2: MSR_PKGC3_IRTL: 0x0000884e (valid, 79872 ns)
cpu2: MSR_PKGC6_IRTL: 0x00008876 (valid, 120832 ns)
cpu2: MSR_PKGC7_IRTL: 0x00008894 (valid, 151552 ns)
cpu2: MSR_PKGC8_IRTL: 0x000088fa (valid, 256000 ns)
cpu2: MSR_PKGC9_IRTL: 0x0000894c (valid, 339968 ns)
cpu2: MSR_PKGC10_IRTL: 0x00008bf2 (valid, 1034240 ns)

GPU TIME: 2.88938 seconds
CPU TIME(0.700000) Time = 5.049732 Sec
Success!
Done.
5.150528 sec
Core	CPU	Avg_MHz	Busy%	Bzy_MHz	TSC_MHz	IRQ	SMI	C1	C1E	C3	C6	C7s	C8	C9	C10	C1%	C1E%	C3%	C6%	C7s%	C8%	C9%	C10%	CPU%c1	CPU%c3	CPU%c6	CPU%c7	CoreTmp	PkgTmp	GFX%rc6	GFXMHz	Totl%C0	Any%C0	GFX%C0	CPUGFX%	Pkg%pc2	Pkg%pc3	Pkg%pc6	Pkg%pc7	Pkg%pc8	Pkg%pc9	Pk%pc10	Pkg_J	Cor_J	GFX_J	RAM_J	PKG_%	RAM_%
-	-	1174	44.59	2629	1994	15032	0	412	955	333	1529	416	4109	0	862	0.24	1.89	0.64	3.72	2.65	27.97	0.00	18.02	44.94	0.96	3.59	5.91	78	78	35.90	300	340.13	99.08	63.73	63.19	0.00	0.00	0.00	0.00	0.00	0.00	0.00	112.09	77.02	26.76	7.17	0.00	0.00
0	0	1109	43.61	2539	1995	2226	0	82	612	114	307	283	168	0	0	0.24	13.62	3.91	13.45	16.32	8.79	0.00	0.00	16.37	3.84	13.92	22.26	77	78	35.90	300	339.96	99.03	63.70	63.16	0.00	0.00	0.00	0.00	0.00	0.00	0.00	112.09	77.02	26.76	7.17	0.00	0.00
0	4	118	4.73	2492	1995	1909	0	111	125	62	388	60	1281	0	195	0.30	0.65	0.34	5.47	2.15	66.83	0.00	19.68	55.25
1	1	2608	98.03	2656	1995	2292	0	1	0	0	4	0	21	0	1	0.00	0.00	0.00	0.04	0.00	1.09	0.00	0.01	1.10	0.02	0.21	0.64	76
1	5	111	4.53	2437	1995	1896	0	61	114	87	451	66	1180	0	151	0.29	0.57	0.54	5.98	2.50	63.93	0.00	21.78	94.60
2	2	2624	98.84	2651	1995	2284	0	1	0	0	2	0	6	0	3	0.06	0.00	0.00	0.01	0.00	0.24	0.00	0.01	0.94	0.00	0.02	0.20	75
2	6	86	3.66	2348	1995	1031	0	77	68	41	209	2	702	0	242	0.53	0.09	0.16	2.43	0.03	39.15	0.00	54.03	96.12
3	3	2610	98.19	2658	1992	2333	0	2	1	0	8	0	20	0	1	0.00	0.02	0.00	0.14	0.00	0.80	0.00	0.00	1.09	0.00	0.19	0.52	78
3	7	126	5.19	2425	1992	1061	0	77	35	29	160	5	731	0	269	0.48	0.16	0.16	2.21	0.23	42.93	0.00	48.61	94.10
