turbostat version 17.06.23 - Len Brown <lenb@kernel.org>
CPUID(0): GenuineIntel 22 CPUID levels; family:model:stepping 0x6:8e:a (6:142:10)
CPUID(1): SSE3 MONITOR - EIST TM2 TSC MSR ACPI-TM TM
CPUID(6): APERF, TURBO, DTS, PTM, HWP, HWPnotify, HWPwindow, HWPepp, No-HWPpkg, EPB
cpu0: MSR_IA32_MISC_ENABLE: 0x00850089 (TCC EIST No-MWAIT PREFETCH TURBO)
CPUID(7): SGX
cpu0: MSR_IA32_FEATURE_CONTROL: 0x00040005 (Locked SGX)
CPUID(0x15): eax_crystal: 2 ebx_tsc: 166 ecx_crystal_hz: 0
TSC: 1992 MHz (24000000 Hz * 166 / 2 / 1000000)
CPUID(0x16): base_mhz: 2000 max_mhz: 4000 bus_mhz: 100
cpu0: MSR_MISC_PWR_MGMT: 0x00401cc0 (ENable-EIST_Coordination DISable-EPB DISable-OOB)
RAPL: 17476 sec. Joule Counter Range, at 15 Watts
cpu0: MSR_PLATFORM_INFO: 0x4043df1011400
4 * 100.0 = 400.0 MHz max efficiency frequency
20 * 100.0 = 2000.0 MHz base frequency
cpu0: MSR_IA32_POWER_CTL: 0x0024005f (C1E auto-promotion: ENabled)
cpu0: MSR_TURBO_RATIO_LIMIT: 0x25252828
37 * 100.0 = 3700.0 MHz max turbo 4 active cores
37 * 100.0 = 3700.0 MHz max turbo 3 active cores
40 * 100.0 = 4000.0 MHz max turbo 2 active cores
40 * 100.0 = 4000.0 MHz max turbo 1 active cores
cpu0: MSR_CONFIG_TDP_NOMINAL: 0x00000012 (base_ratio=18)
cpu0: MSR_CONFIG_TDP_LEVEL_1: 0x00080050 (PKG_MIN_PWR_LVL1=0 PKG_MAX_PWR_LVL1=0 LVL1_RATIO=8 PKG_TDP_LVL1=80)
cpu0: MSR_CONFIG_TDP_LEVEL_2: 0x001400c8 (PKG_MIN_PWR_LVL2=0 PKG_MAX_PWR_LVL2=0 LVL2_RATIO=20 PKG_TDP_LVL2=200)
cpu0: MSR_CONFIG_TDP_CONTROL: 0x00000000 ( lock=0)
cpu0: MSR_TURBO_ACTIVATION_RATIO: 0x00000011 (MAX_NON_TURBO_RATIO=17 lock=0)
cpu0: MSR_PKG_CST_CONFIG_CONTROL: 0x1e008005 (UNdemote-C3, UNdemote-C1, demote-C3, demote-C1, locked: pkg-cstate-limit=5: pc7s)
cpu0: POLL: CPUIDLE CORE POLL IDLE
cpu0: C1: MWAIT 0x00
cpu0: C1E: MWAIT 0x01
cpu0: C3: MWAIT 0x10
cpu0: C6: MWAIT 0x20
cpu0: C7s: MWAIT 0x33
cpu0: C8: MWAIT 0x40
cpu0: C9: MWAIT 0x50
cpu0: C10: MWAIT 0x60
cpu0: cpufreq driver: intel_pstate
cpu0: cpufreq governor: powersave
cpufreq intel_pstate no_turbo: 0
cpu0: MSR_MISC_FEATURE_CONTROL: 0x00000000 (L2-Prefetch L2-Prefetch-pair L1-Prefetch L1-IP-Prefetch)
cpu0: MSR_PM_ENABLE: 0x00000001 (HWP)
cpu0: MSR_HWP_CAPABILITIES: 0x01081228 (high 40 guar 18 eff 8 low 1)
cpu0: MSR_HWP_REQUEST: 0x80002804 (min 4 max 40 des 0 epp 0x80 window 0x0 pkg 0x0)
cpu0: MSR_HWP_INTERRUPT: 0x00000000 (Dis_Guaranteed_Perf_Change, Dis_Excursion_Min)
cpu0: MSR_HWP_STATUS: 0x00000000 (No-Guaranteed_Perf_Change, No-Excursion_Min)
cpu0: MSR_IA32_ENERGY_PERF_BIAS: 0x00000006 (balanced)
cpu0: MSR_RAPL_POWER_UNIT: 0x000a0e03 (0.125000 Watts, 0.000061 Joules, 0.000977 sec.)
cpu0: MSR_PKG_POWER_INFO: 0x00000078 (15 W TDP, RAPL 0 - 0 W, 0.000000 sec.)
cpu0: MSR_PKG_POWER_LIMIT: 0x82016000dc80a0 (UNlocked)
cpu0: PKG Limit #1: ENabled (20.000000 Watts, 28.000000 sec, clamp DISabled)
cpu0: PKG Limit #2: DISabled (44.000000 Watts, 0.002930* sec, clamp DISabled)
cpu0: MSR_DRAM_POWER_LIMIT: 0x5400de00000000 (UNlocked)
cpu0: DRAM Limit: DISabled (0.000000 Watts, 0.000977 sec, clamp DISabled)
cpu0: MSR_PP0_POLICY: 0
cpu0: MSR_PP0_POWER_LIMIT: 0x00000000 (UNlocked)
cpu0: Cores Limit: DISabled (0.000000 Watts, 0.000977 sec, clamp DISabled)
cpu0: MSR_PP1_POLICY: 0
cpu0: MSR_PP1_POWER_LIMIT: 0x00000000 (UNlocked)
cpu0: GFX Limit: DISabled (0.000000 Watts, 0.000977 sec, clamp DISabled)
cpu0: MSR_IA32_TEMPERATURE_TARGET: 0x02640000 (100 C)
cpu0: MSR_IA32_PACKAGE_THERM_STATUS: 0x8827080a (61 C)
cpu0: MSR_IA32_PACKAGE_THERM_INTERRUPT: 0x00000003 (100 C, 100 C)
cpu0: MSR_PKGC3_IRTL: 0x0000884e (valid, 79872 ns)
cpu0: MSR_PKGC6_IRTL: 0x00008876 (valid, 120832 ns)
cpu0: MSR_PKGC7_IRTL: 0x00008894 (valid, 151552 ns)
cpu0: MSR_PKGC8_IRTL: 0x000088fa (valid, 256000 ns)
cpu0: MSR_PKGC9_IRTL: 0x0000894c (valid, 339968 ns)
cpu0: MSR_PKGC10_IRTL: 0x00008bf2 (valid, 1034240 ns)

GPU TIME: 3.11822 seconds
CPU TIME(0.800000) Time = 3.802631 Sec
Success!
Done.
3.893061 sec
Core	CPU	Avg_MHz	Busy%	Bzy_MHz	TSC_MHz	IRQ	SMI	C1	C1E	C3	C6	C7s	C8	C9	C10	C1%	C1E%	C3%	C6%	C7s%	C8%	C9%	C10%	CPU%c1	CPU%c3	CPU%c6	CPU%c7	CoreTmp	PkgTmp	GFX%rc6	GFXMHz	Totl%C0	Any%C0	GFX%C0	CPUGFX%	Pkg%pc2	Pkg%pc3	Pkg%pc6	Pkg%pc7	Pkg%pc8	Pkg%pc9	Pk%pc10	Pkg_J	Cor_J	GFX_J	RAM_J	PKG_%	RAM_%
-	-	1145	42.86	2664	1998	12435	0	661	1041	305	1166	318	2527	5	702	0.67	2.95	1.13	4.43	2.53	22.36	0.04	22.90	44.10	1.71	5.17	6.15	76	76	14.13	617	323.28	99.24	85.43	85.05	0.00	0.00	0.00	0.00	0.00	0.00	0.00	96.23	56.89	31.98	7.49	0.00	0.00
0	0	730	27.76	2619	1999	1909	0	179	607	134	335	193	133	4	3	0.65	20.34	7.14	20.30	13.76	9.84	0.32	0.00	23.17	6.80	19.89	22.38	76	76	14.13	617	323.07	99.17	85.38	85.00	0.00	0.00	0.00	0.00	0.00	0.00	0.00	96.23	56.89	31.98	7.49	0.00	0.00
0	4	145	4.99	2900	1999	1119	0	66	125	49	166	15	599	0	248	0.14	0.92	0.64	3.22	1.04	42.08	0.00	47.26	45.93
1	1	2618	97.92	2664	1998	1987	0	22	2	0	14	0	25	0	4	0.20	0.00	0.00	0.14	0.00	1.04	0.00	0.04	1.15	0.04	0.38	0.51	74
1	5	153	5.56	2735	1998	1495	0	184	183	68	341	76	673	0	98	0.46	1.40	0.70	6.14	3.70	50.03	0.00	32.27	93.51
2	2	2615	97.74	2668	1998	1972	0	0	0	0	1	0	25	0	2	0.00	0.00	0.00	0.04	0.00	1.30	0.00	0.27	0.83	0.01	0.25	1.17	72
2	6	126	4.64	2706	1998	1105	0	55	79	29	189	20	606	1	196	0.10	0.62	0.20	3.60	1.02	42.91	0.02	47.16	93.93
3	3	2619	97.88	2667	1998	1989	0	0	2	1	4	0	22	0	3	0.00	0.03	0.01	0.03	0.00	1.25	0.00	0.14	1.44	0.00	0.13	0.54	75
3	7	156	6.28	2488	1992	859	0	155	43	24	116	14	444	0	148	3.85	0.26	0.35	1.97	0.76	30.45	0.00	56.04	93.04
