turbostat version 17.06.23 - Len Brown <lenb@kernel.org>
CPUID(0): GenuineIntel 22 CPUID levels; family:model:stepping 0x6:8e:a (6:142:10)
CPUID(1): SSE3 MONITOR - EIST TM2 TSC MSR ACPI-TM TM
CPUID(6): APERF, TURBO, DTS, PTM, HWP, HWPnotify, HWPwindow, HWPepp, No-HWPpkg, EPB
cpu4: MSR_IA32_MISC_ENABLE: 0x00850089 (TCC EIST No-MWAIT PREFETCH TURBO)
CPUID(7): SGX
cpu4: MSR_IA32_FEATURE_CONTROL: 0x00040005 (Locked SGX)
CPUID(0x15): eax_crystal: 2 ebx_tsc: 166 ecx_crystal_hz: 0
TSC: 1992 MHz (24000000 Hz * 166 / 2 / 1000000)
CPUID(0x16): base_mhz: 2000 max_mhz: 4000 bus_mhz: 100
cpu4: MSR_MISC_PWR_MGMT: 0x00401cc0 (ENable-EIST_Coordination DISable-EPB DISable-OOB)
RAPL: 17476 sec. Joule Counter Range, at 15 Watts
cpu4: MSR_PLATFORM_INFO: 0x4043df1011400
4 * 100.0 = 400.0 MHz max efficiency frequency
20 * 100.0 = 2000.0 MHz base frequency
cpu4: MSR_IA32_POWER_CTL: 0x0024005f (C1E auto-promotion: ENabled)
cpu4: MSR_TURBO_RATIO_LIMIT: 0x25252828
37 * 100.0 = 3700.0 MHz max turbo 4 active cores
37 * 100.0 = 3700.0 MHz max turbo 3 active cores
40 * 100.0 = 4000.0 MHz max turbo 2 active cores
40 * 100.0 = 4000.0 MHz max turbo 1 active cores
cpu4: MSR_CONFIG_TDP_NOMINAL: 0x00000012 (base_ratio=18)
cpu4: MSR_CONFIG_TDP_LEVEL_1: 0x00080050 (PKG_MIN_PWR_LVL1=0 PKG_MAX_PWR_LVL1=0 LVL1_RATIO=8 PKG_TDP_LVL1=80)
cpu4: MSR_CONFIG_TDP_LEVEL_2: 0x001400c8 (PKG_MIN_PWR_LVL2=0 PKG_MAX_PWR_LVL2=0 LVL2_RATIO=20 PKG_TDP_LVL2=200)
cpu4: MSR_CONFIG_TDP_CONTROL: 0x00000000 ( lock=0)
cpu4: MSR_TURBO_ACTIVATION_RATIO: 0x00000011 (MAX_NON_TURBO_RATIO=17 lock=0)
cpu4: MSR_PKG_CST_CONFIG_CONTROL: 0x1e008005 (UNdemote-C3, UNdemote-C1, demote-C3, demote-C1, locked: pkg-cstate-limit=5: pc7s)
cpu4: POLL: CPUIDLE CORE POLL IDLE
cpu4: C1: MWAIT 0x00
cpu4: C1E: MWAIT 0x01
cpu4: C3: MWAIT 0x10
cpu4: C6: MWAIT 0x20
cpu4: C7s: MWAIT 0x33
cpu4: C8: MWAIT 0x40
cpu4: C9: MWAIT 0x50
cpu4: C10: MWAIT 0x60
cpu4: cpufreq driver: intel_pstate
cpu4: cpufreq governor: powersave
cpufreq intel_pstate no_turbo: 0
cpu4: MSR_MISC_FEATURE_CONTROL: 0x00000000 (L2-Prefetch L2-Prefetch-pair L1-Prefetch L1-IP-Prefetch)
cpu0: MSR_PM_ENABLE: 0x00000001 (HWP)
cpu0: MSR_HWP_CAPABILITIES: 0x01081228 (high 40 guar 18 eff 8 low 1)
cpu0: MSR_HWP_REQUEST: 0x80002804 (min 4 max 40 des 0 epp 0x80 window 0x0 pkg 0x0)
cpu0: MSR_HWP_INTERRUPT: 0x00000000 (Dis_Guaranteed_Perf_Change, Dis_Excursion_Min)
cpu0: MSR_HWP_STATUS: 0x00000000 (No-Guaranteed_Perf_Change, No-Excursion_Min)
cpu0: MSR_IA32_ENERGY_PERF_BIAS: 0x00000006 (balanced)
cpu0: MSR_RAPL_POWER_UNIT: 0x000a0e03 (0.125000 Watts, 0.000061 Joules, 0.000977 sec.)
cpu0: MSR_PKG_POWER_INFO: 0x00000078 (15 W TDP, RAPL 0 - 0 W, 0.000000 sec.)
cpu0: MSR_PKG_POWER_LIMIT: 0x82016000dc80a0 (UNlocked)
cpu0: PKG Limit #1: ENabled (20.000000 Watts, 28.000000 sec, clamp DISabled)
cpu0: PKG Limit #2: DISabled (44.000000 Watts, 0.002930* sec, clamp DISabled)
cpu0: MSR_DRAM_POWER_LIMIT: 0x5400de00000000 (UNlocked)
cpu0: DRAM Limit: DISabled (0.000000 Watts, 0.000977 sec, clamp DISabled)
cpu0: MSR_PP0_POLICY: 0
cpu0: MSR_PP0_POWER_LIMIT: 0x00000000 (UNlocked)
cpu0: Cores Limit: DISabled (0.000000 Watts, 0.000977 sec, clamp DISabled)
cpu0: MSR_PP1_POLICY: 0
cpu0: MSR_PP1_POWER_LIMIT: 0x00000000 (UNlocked)
cpu0: GFX Limit: DISabled (0.000000 Watts, 0.000977 sec, clamp DISabled)
cpu0: MSR_IA32_TEMPERATURE_TARGET: 0x02640000 (100 C)
cpu0: MSR_IA32_PACKAGE_THERM_STATUS: 0x8826080a (62 C)
cpu0: MSR_IA32_PACKAGE_THERM_INTERRUPT: 0x00000003 (100 C, 100 C)
cpu4: MSR_PKGC3_IRTL: 0x0000884e (valid, 79872 ns)
cpu4: MSR_PKGC6_IRTL: 0x00008876 (valid, 120832 ns)
cpu4: MSR_PKGC7_IRTL: 0x00008894 (valid, 151552 ns)
cpu4: MSR_PKGC8_IRTL: 0x000088fa (valid, 256000 ns)
cpu4: MSR_PKGC9_IRTL: 0x0000894c (valid, 339968 ns)
cpu4: MSR_PKGC10_IRTL: 0x00008bf2 (valid, 1034240 ns)

GPU TIME: 4.1271 seconds
CPU TIME(0.900000) Time = 4.437972 Sec
Success!
Done.
4.553261 sec
Core	CPU	Avg_MHz	Busy%	Bzy_MHz	TSC_MHz	IRQ	SMI	C1	C1E	C3	C6	C7s	C8	C9	C10	C1%	C1E%	C3%	C6%	C7s%	C8%	C9%	C10%	CPU%c1	CPU%c3	CPU%c6	CPU%c7	CoreTmp	PkgTmp	GFX%rc6	GFXMHz	Totl%C0	Any%C0	GFX%C0	CPUGFX%	Pkg%pc2	Pkg%pc3	Pkg%pc6	Pkg%pc7	Pkg%pc8	Pkg%pc9	Pk%pc10	Pkg_J	Cor_J	GFX_J	RAM_J	PKG_%	RAM_%
-	-	1061	40.67	2606	1994	14907	0	5733	876	302	1048	549	2885	15	892	0.47	2.07	1.02	3.59	4.38	23.91	0.34	23.27	41.28	1.61	4.31	12.13	75	75	6.04	1133	310.13	99.04	93.51	92.95	0.00	0.00	0.00	0.00	0.00	0.00	0.00	105.67	61.47	35.92	7.75	0.00	0.00
0	0	2559	97.75	2615	1995	2948	0	928	3	1	5	0	12	0	10	0.17	0.00	0.01	0.05	0.00	0.61	0.00	0.57	1.09	0.00	0.08	1.08	74	75	6.04	1133	310.04	99.01	93.48	92.92	0.00	0.00	0.00	0.00	0.00	0.00	0.00	105.67	61.47	35.92	7.75	0.00	0.00
0	4	96	3.76	2554	1995	1201	0	22	32	35	206	9	631	0	258	0.17	0.10	0.22	2.64	0.41	38.23	0.00	54.58	95.08
1	1	2559	97.79	2614	1994	2375	0	2675	2	3	18	0	19	0	6	0.20	0.00	0.00	0.24	0.00	0.62	0.00	0.32	1.20	0.02	0.35	0.64	73
1	5	128	5.39	2368	1994	1202	0	102	124	35	153	81	564	0	160	0.65	1.18	0.42	2.83	3.33	44.24	0.00	42.05	93.61
2	2	358	13.37	2678	1994	1859	0	1210	530	122	267	344	215	15	3	0.50	13.69	6.46	17.15	26.49	18.54	2.73	1.12	17.60	6.41	16.80	45.83	72
2	6	112	4.89	2290	1994	1414	0	176	74	48	191	52	718	0	250	0.48	0.47	0.49	2.70	2.17	44.00	0.00	44.90	26.08
3	3	2561	97.84	2615	1994	2466	0	526	0	1	6	0	16	0	6	0.04	0.00	0.00	0.05	0.00	1.22	0.00	0.00	1.16	0.00	0.03	0.97	75
3	7	112	4.53	2478	1992	1442	0	94	111	57	202	63	710	0	199	1.60	1.12	0.54	3.06	2.65	43.84	0.00	42.63	94.47
